A51 MACRO ASSEMBLER  LAB1_EX1_B                                                           08/08/2021 16:52:25 PAGE     1


MACRO ASSEMBLER A51 V8.2.7.0
OBJECT MODULE PLACED IN .\Objects\lab1_ex1_B.obj
ASSEMBLER INVOKED BY: C:\Keil_v5\C51\BIN\A51.EXE lab1_ex1_B.a51 SET(SMALL) DEBUG PRINT(.\Listings\lab1_ex1_B.lst) OBJECT
                      (.\Objects\lab1_ex1_B.obj) EP

LOC  OBJ            LINE     SOURCE

                       1     ;Nome: Arthur Antonio Soutelo Araujo
                       2     ;Cartão UFRGS: 00304292
                       3     
                       4     ;Exercício 1:Desenvolva um código em Assembly que implemente a subtração de dois números de
                       5     ;                        16 bits, salvando o resultado da subtração nos registradores R7 e 
                             R6, respectivamente.
                       6     ;Laboratório 1 - Exercício 1 - Letra B
                       7     ;-------------------------------------------------------------------------------------
                       8     ;Programa que subtrai dois numeros de 16 bits
                       9             ;O primeiro número vai ser armazenado em R1 e R0
                      10             ;O segundo número vai ser armazenado em R3 e R2
                      11             ;O resultado deve ser armazenado em R7 e R6
                      12     
                      13     ;               R1      R0
                      14     ;       -       R3      R2
                      15     ;       ------------
                      16     ;               R7      R6
                      17     
                      18     ;Testar com 1280 - 2790 = -1510
                      19             ;Primeiro devemos passar os valores para hexadecimal:
                      20             ;500 - AE6 = -5E6                                                                  
                                  <--------- VALORES EM HEXA
                      21             ;101 0000 0000 - 1010 1110 0110 = - 101 1110 0110       <--------- VALORES EM BIN  
                                  
                      22     
                      23     ;Inicializando os registradores com os valores de teste
                      24     ;Primeiro número:
0000 7800             25     MOV R0, #00h
0002 7905             26     MOV R1, #05h
                      27     ;Segundo número:
0004 7AE6             28     MOV R2, #0E6h
0006 7B0A             29     MOV R3, #0Ah
                      30     
                      31     ;Realização da subtração
0008 E8               32     MOV A, R0
0009 9A               33     SUBB A, R2
000A FE               34     MOV R6, A
000B E9               35     MOV A, R1
000C 9B               36     SUBB A, R3
000D FF               37     MOV R7, A
                      38     
                      39     END
A51 MACRO ASSEMBLER  LAB1_EX1_B                                                           08/08/2021 16:52:25 PAGE     2

SYMBOL TABLE LISTING
------ ----- -------


N A M E             T Y P E  V A L U E   ATTRIBUTES



REGISTER BANK(S) USED: 0 


ASSEMBLY COMPLETE.  0 WARNING(S), 0 ERROR(S)
